[ 14%] Building CXX object sources/CMakeFiles/Multistage2026.dir/Guidance.cpp.o
[ 28%] Building CXX object sources/CMakeFiles/Multistage2026.dir/parser.cpp.o
[ 42%] Building CXX object sources/CMakeFiles/Multistage2026.dir/Multistage2026.cpp.o
[ 57%] Building CXX object sources/CMakeFiles/Multistage2026.dir/Multistage2026_MFD.cpp.o
/home/peter/Multistage2026/sources/Multistage2026_MFD.cpp:434:102: error: expected declaration before ‘}’ token
  434 |             if (bt == 6) { /* Jettison Fairing Logic via key simulation removed for direct calls? */ }
      |                                                                                                      ^
/home/peter/Multistage2026/sources/Multistage2026_MFD.cpp:435:13: error: expected unqualified-id before ‘else’
  435 |             else if (bt == 7) { /* Jettison Logic */ }
      |             ^~~~
/home/peter/Multistage2026/sources/Multistage2026_MFD.cpp:436:13: error: expected unqualified-id before ‘break’
  436 |             break;
      |             ^~~~~
/home/peter/Multistage2026/sources/Multistage2026_MFD.cpp:437:9: error: expected unqualified-id before ‘case’
  437 |         case V_NOCLASS:
      |         ^~~~
/home/peter/Multistage2026/sources/Multistage2026_MFD.cpp:439:13: error: expected unqualified-id before ‘break’
  439 |             break;
      |             ^~~~~
/home/peter/Multistage2026/sources/Multistage2026_MFD.cpp:440:9: error: expected declaration before ‘}’ token
  440 |         }
      |         ^
/home/peter/Multistage2026/sources/Multistage2026_MFD.cpp:441:5: error: expected declaration before ‘}’ token
  441 |     }
      |     ^
/home/peter/Multistage2026/sources/Multistage2026_MFD.cpp:442:5: error: expected unqualified-id before ‘return’
  442 |     return true;
      |     ^~~~~~
/home/peter/Multistage2026/sources/Multistage2026_MFD.cpp:443:1: error: expected declaration before ‘}’ token
  443 | }
      | ^
/home/peter/Multistage2026/sources/Multistage2026_MFD.cpp:445:6: error: ‘Multistage2026_MFD’ has not been declared
  445 | void Multistage2026_MFD::UpdateTlmValues()
      |      ^~~~~~~~~~~~~~~~~~
/home/peter/Multistage2026/sources/Multistage2026_MFD.cpp: In function ‘void UpdateTlmValues()’:
/home/peter/Multistage2026/sources/Multistage2026_MFD.cpp:448:25: error: ‘Ms’ was not declared in this scope
  448 |     for (int i = 0; i < Ms->tlmidx; i++) {
      |                         ^~
/home/peter/Multistage2026/sources/Multistage2026_MFD.cpp:449:9: error: ‘MFDtlmAlt’ was not declared in this scope
  449 |         MFDtlmAlt[i] = Ms->tlmAlt[i];
      |         ^~~~~~~~~
/home/peter/Multistage2026/sources/Multistage2026_MFD.cpp:450:9: error: ‘MFDtlmAcc’ was not declared in this scope
  450 |         MFDtlmAcc[i] = { Ms->tlmAcc[i].x, (int)(Ms->tlmAcc[i].y * 100) };
      |         ^~~~~~~~~
/home/peter/Multistage2026/sources/Multistage2026_MFD.cpp:451:9: error: ‘MFDtlmVv’ was not declared in this scope
  451 |         MFDtlmVv[i] = { Ms->tlmVv[i].x, (int)(Ms->tlmVv[i].y * 10) };
      |         ^~~~~~~~
/home/peter/Multistage2026/sources/Multistage2026_MFD.cpp:452:9: error: ‘MFDtlmSpeed’ was not declared in this scope
  452 |         MFDtlmSpeed[i] = { Ms->tlmSpeed[i].x, (int)(Ms->tlmSpeed[i].y * 10) };
      |         ^~~~~~~~~~~
/home/peter/Multistage2026/sources/Multistage2026_MFD.cpp:453:9: error: ‘MFDtlmThrust’ was not declared in this scope
  453 |         MFDtlmThrust[i] = Ms->tlmThrust[i];
      |         ^~~~~~~~~~~~
/home/peter/Multistage2026/sources/Multistage2026_MFD.cpp:454:9: error: ‘MFDtlmPitch’ was not declared in this scope
  454 |         MFDtlmPitch[i] = { Ms->tlmPitch[i].x, (int)(Ms->tlmPitch[i].y * 100) };
      |         ^~~~~~~~~~~
/home/peter/Multistage2026/sources/Multistage2026_MFD.cpp:457:25: error: ‘TLMSECS’ was not declared in this scope
  457 |     for (int j = 0; j < TLMSECS; j++) {
      |                         ^~~~~~~
/home/peter/Multistage2026/sources/Multistage2026_MFD.cpp:458:9: error: ‘RefMFDtlmAlt’ was not declared in this scope
  458 |         RefMFDtlmAlt[j] = Ms->ReftlmAlt[j];
      |         ^~~~~~~~~~~~
/home/peter/Multistage2026/sources/Multistage2026_MFD.cpp:458:27: error: ‘Ms’ was not declared in this scope
  458 |         RefMFDtlmAlt[j] = Ms->ReftlmAlt[j];
      |                           ^~
/home/peter/Multistage2026/sources/Multistage2026_MFD.cpp:459:9: error: ‘RefMFDtlmSpeed’ was not declared in this scope
  459 |         RefMFDtlmSpeed[j] = { Ms->ReftlmSpeed[j].x, (int)(Ms->ReftlmSpeed[j].y * 10) };
      |         ^~~~~~~~~~~~~~
/home/peter/Multistage2026/sources/Multistage2026_MFD.cpp:460:9: error: ‘RefMFDtlmAcc’ was not declared in this scope
  460 |         RefMFDtlmAcc[j] = { Ms->ReftlmAcc[j].x, (int)(Ms->ReftlmAcc[j].y * 100) };
      |         ^~~~~~~~~~~~
/home/peter/Multistage2026/sources/Multistage2026_MFD.cpp:461:9: error: ‘RefMFDtlmVv’ was not declared in this scope
  461 |         RefMFDtlmVv[j] = { Ms->ReftlmVv[j].x, (int)(Ms->ReftlmVv[j].y * 10) };
      |         ^~~~~~~~~~~
/home/peter/Multistage2026/sources/Multistage2026_MFD.cpp:462:9: error: ‘RefMFDtlmThrust’ was not declared in this scope
  462 |         RefMFDtlmThrust[j] = Ms->ReftlmThrust[j];
      |         ^~~~~~~~~~~~~~~
/home/peter/Multistage2026/sources/Multistage2026_MFD.cpp:463:9: error: ‘RefMFDtlmPitch’ was not declared in this scope
  463 |         RefMFDtlmPitch[j] = { Ms->ReftlmPitch[j].x, (int)(Ms->ReftlmPitch[j].y * 100) };
      |         ^~~~~~~~~~~~~~
/home/peter/Multistage2026/sources/Multistage2026_MFD.cpp: At global scope:
/home/peter/Multistage2026/sources/Multistage2026_MFD.cpp:467:1: error: ‘oapi’ does not name a type
  467 | oapi::IVECTOR2 Multistage2026_MFD::ScalePoints(oapi::IVECTOR2 input[], double xscale, double yscale, int uptopoint, int MinY)
      | ^~~~
/home/peter/Multistage2026/sources/Multistage2026_MFD.cpp:478:6: error: ‘Multistage2026_MFD’ has not been declared
  478 | bool Multistage2026_MFD::Update(oapi::Sketchpad* skp)
      |      ^~~~~~~~~~~~~~~~~~
/home/peter/Multistage2026/sources/Multistage2026_MFD.cpp:478:33: error: ‘oapi’ has not been declared
  478 | bool Multistage2026_MFD::Update(oapi::Sketchpad* skp)
      |                                 ^~~~
/home/peter/Multistage2026/sources/Multistage2026_MFD.cpp:478:50: error: ‘skp’ was not declared in this scope
  478 | bool Multistage2026_MFD::Update(oapi::Sketchpad* skp)
      |                                                  ^~~
/home/peter/Multistage2026/sources/Multistage2026_MFD.cpp:538:1: error: ‘OAPI_MSGTYPE’ does not name a type
  538 | OAPI_MSGTYPE Multistage2026_MFD::MsgProc(UINT msg, UINT mfd, WPARAM wparam, LPARAM lparam)
      | ^~~~~~~~~~~~
/home/peter/Multistage2026/sources/Multistage2026_MFD.cpp:549:6: error: ‘Multistage2026_MFD’ has not been declared
  549 | bool Multistage2026_MFD::AddStep(char* str) {
      |      ^~~~~~~~~~~~~~~~~~
/home/peter/Multistage2026/sources/Multistage2026_MFD.cpp: In function ‘bool AddStep(char*)’:
/home/peter/Multistage2026/sources/Multistage2026_MFD.cpp:550:5: error: ‘Ms’ was not declared in this scope
  550 |     Ms->VinkaAddStep(str);
      |     ^~
/home/peter/Multistage2026/sources/Multistage2026_MFD.cpp:551:23: error: ‘strlen’ was not declared in this scope
  551 |     memset(str, '\0', strlen(str)); // Safe clear
      |                       ^~~~~~
/home/peter/Multistage2026/sources/Multistage2026_MFD.cpp:1:1: note: ‘strlen’ is defined in header ‘<cstring>’; did you forget to ‘#include <cstring>’?
  +++ |+#include <cstring>
    1 | /*******************************************************************************************>
/home/peter/Multistage2026/sources/Multistage2026_MFD.cpp:551:5: error: ‘memset’ was not declared in this scope
  551 |     memset(str, '\0', strlen(str)); // Safe clear
      |     ^~~~~~
/home/peter/Multistage2026/sources/Multistage2026_MFD.cpp:551:5: note: ‘memset’ is defined in header ‘<cstring>’; did you forget to ‘#include <cstring>’?
/home/peter/Multistage2026/sources/Multistage2026_MFD.cpp:552:12: error: ‘TRUE’ was not declared in this scope
  552 |     return TRUE;
      |            ^~~~
/home/peter/Multistage2026/sources/Multistage2026_MFD.cpp: At global scope:
/home/peter/Multistage2026/sources/Multistage2026_MFD.cpp:557:6: error: ‘Multistage2026_MFD’ has not been declared
  557 | void Multistage2026_MFD::StoreStatus(void) const {}
      |      ^~~~~~~~~~~~~~~~~~
/home/peter/Multistage2026/sources/Multistage2026_MFD.cpp:557:44: error: non-member function ‘void StoreStatus()’ cannot have cv-qualifier
  557 | void Multistage2026_MFD::StoreStatus(void) const {}
      |                                            ^~~~~
/home/peter/Multistage2026/sources/Multistage2026_MFD.cpp:558:6: error: ‘Multistage2026_MFD’ has not been declared
  558 | void Multistage2026_MFD::RecallStatus(void) {}
      |      ^~~~~~~~~~~~~~~~~~
make[2]: *** [sources/CMakeFiles/Multistage2026.dir/build.make:90: sources/CMakeFiles/Multistage2026.dir/Multistage2026_MFD.cpp.o] Error 1
make[2]: *** Waiting for unfinished jobs....
In file included from /home/peter/Multistage2026/sources/parser.cpp:41:
/home/peter/Multistage2026/sources/Multistage2026.h:42:10: fatal error: Orbitersdk.h: No such file or directory
   42 | #include "Orbitersdk.h"
      |          ^~~~~~~~~~~~~~
compilation terminated.
make[2]: *** [sources/CMakeFiles/Multistage2026.dir/build.make:104: sources/CMakeFiles/Multistage2026.dir/parser.cpp.o] Error 1
/home/peter/Multistage2026/sources/Guidance.cpp:46:10: fatal error: orbitersdk.h: No such file or directory
   46 | #include "orbitersdk.h"
      |          ^~~~~~~~~~~~~~
compilation terminated.
make[2]: *** [sources/CMakeFiles/Multistage2026.dir/build.make:118: sources/CMakeFiles/Multistage2026.dir/Guidance.cpp.o] Error 1
/home/peter/Multistage2026/sources/Multistage2026.cpp:46:10: fatal error: Orbitersdk.h: No such file or directory
   46 | #include "Orbitersdk.h"
      |          ^~~~~~~~~~~~~~
compilation terminated.
make[2]: *** [sources/CMakeFiles/Multistage2026.dir/build.make:76: sources/CMakeFiles/Multistage2026.dir/Multistage2026.cpp.o] Error 1
make[1]: *** [CMakeFiles/Makefile2:98: sources/CMakeFiles/Multistage2026.dir/all] Error 2
make: *** [Makefile:91: all] Error 2
